Using pre-set license
Built from '2022.3/staging' branch; Version is '2022.3.37f1 (340ba89e4c23) revision 3410856'; Using compiler version '192829333'; Build Type 'Release'
OS: 'Windows 11  (10.0.22621) 64bit Enterprise' Language: 'en' Physical Memory: 32486 MB
BatchMode: 1, IsHumanControllingUs: 0, StartBugReporterOnCrash: 0, Is64bit: 1, IsPro: 1

COMMAND LINE ARGUMENTS:
C:\Program Files\Unity 2022.3.37f1\Editor\Unity.exe
-adb2
-batchMode
-noUpm
-name
AssetImportWorker2
-projectPath
C:/Users/AJTeeple/Documents/GitHub/PriscillasPlayground/ProjectPriscilla
-logFile
Logs/AssetImportWorker2.log
-srvPort
50364
Successfully changed project path to: C:/Users/AJTeeple/Documents/GitHub/PriscillasPlayground/ProjectPriscilla
C:/Users/AJTeeple/Documents/GitHub/PriscillasPlayground/ProjectPriscilla
[UnityMemory] Configuration Parameters - Can be set up in boot.config
    "memorysetup-bucket-allocator-granularity=16"
    "memorysetup-bucket-allocator-bucket-count=8"
    "memorysetup-bucket-allocator-block-size=33554432"
    "memorysetup-bucket-allocator-block-count=8"
    "memorysetup-main-allocator-block-size=16777216"
    "memorysetup-thread-allocator-block-size=16777216"
    "memorysetup-gfx-main-allocator-block-size=16777216"
    "memorysetup-gfx-thread-allocator-block-size=16777216"
    "memorysetup-cache-allocator-block-size=4194304"
    "memorysetup-typetree-allocator-block-size=2097152"
    "memorysetup-profiler-bucket-allocator-granularity=16"
    "memorysetup-profiler-bucket-allocator-bucket-count=8"
    "memorysetup-profiler-bucket-allocator-block-size=33554432"
    "memorysetup-profiler-bucket-allocator-block-count=8"
    "memorysetup-profiler-allocator-block-size=16777216"
    "memorysetup-profiler-editor-allocator-block-size=1048576"
    "memorysetup-temp-allocator-size-main=16777216"
    "memorysetup-job-temp-allocator-block-size=2097152"
    "memorysetup-job-temp-allocator-block-size-background=1048576"
    "memorysetup-job-temp-allocator-reduction-small-platforms=262144"
    "memorysetup-allocator-temp-initial-block-size-main=262144"
    "memorysetup-allocator-temp-initial-block-size-worker=262144"
    "memorysetup-temp-allocator-size-background-worker=32768"
    "memorysetup-temp-allocator-size-job-worker=262144"
    "memorysetup-temp-allocator-size-preload-manager=33554432"
    "memorysetup-temp-allocator-size-nav-mesh-worker=65536"
    "memorysetup-temp-allocator-size-audio-worker=65536"
    "memorysetup-temp-allocator-size-cloud-worker=32768"
    "memorysetup-temp-allocator-size-gi-baking-worker=262144"
    "memorysetup-temp-allocator-size-gfx=262144"
Player connection [16936] Host "[IP] 172.18.51.26 [Port] 0 [Flags] 2 [Guid] 3986546704 [EditorId] 3986546704 [Version] 1048832 [Id] WindowsEditor(7,HSL315-17) [Debug] 1 [PackageName] WindowsEditor [ProjectName] Editor" joined multi-casting on [225.0.0.222:54997]...

Player connection [16936] Host "[IP] 172.18.51.26 [Port] 0 [Flags] 2 [Guid] 3986546704 [EditorId] 3986546704 [Version] 1048832 [Id] WindowsEditor(7,HSL315-17) [Debug] 1 [PackageName] WindowsEditor [ProjectName] Editor" joined alternative multi-casting on [225.0.0.222:34997]...

[PhysX] Initialized MultithreadedTaskDispatcher with 32 workers.
Refreshing native plugins compatible for Editor in 5.28 ms, found 3 plugins.
Preloading 0 native plugins for Editor in 0.00 ms.
Initialize engine version: 2022.3.37f1 (340ba89e4c23)
[Subsystems] Discovering subsystems at path C:/Program Files/Unity 2022.3.37f1/Editor/Data/Resources/UnitySubsystems
[Subsystems] Discovering subsystems at path C:/Users/AJTeeple/Documents/GitHub/PriscillasPlayground/ProjectPriscilla/Assets
GfxDevice: creating device client; threaded=0; jobified=0
Direct3D:
    Version:  Direct3D 11.0 [level 11.1]
    Renderer: NVIDIA GeForce RTX 3080 (ID=0x2216)
    Vendor:   NVIDIA
    VRAM:     10053 MB
    Driver:   32.0.15.5612
Initialize mono
Mono path[0] = 'C:/Program Files/Unity 2022.3.37f1/Editor/Data/Managed'
Mono path[1] = 'C:/Program Files/Unity 2022.3.37f1/Editor/Data/MonoBleedingEdge/lib/mono/unityjit-win32'
Mono config path = 'C:/Program Files/Unity 2022.3.37f1/Editor/Data/MonoBleedingEdge/etc'
Using monoOptions --debugger-agent=transport=dt_socket,embedding=1,server=y,suspend=n,address=127.0.0.1:56132
Begin MonoManager ReloadAssembly
Registering precompiled unity dll's ...
Register platform support module: C:/Program Files/Unity 2022.3.37f1/Editor/Data/PlaybackEngines/WindowsStandaloneSupport/UnityEditor.WindowsStandalone.Extensions.dll
Registered in 0.002688 seconds.
- Loaded All Assemblies, in  0.301 seconds
Native extension for WindowsStandalone target not found
Mono: successfully reloaded assembly
- Finished resetting the current domain, in  0.142 seconds
Domain Reload Profiling: 443ms
	BeginReloadAssembly (113ms)
		ExecutionOrderSort (0ms)
		DisableScriptedObjects (0ms)
		BackupInstance (0ms)
		ReleaseScriptingObjects (0ms)
		CreateAndSetChildDomain (0ms)
	RebuildCommonClasses (27ms)
	RebuildNativeTypeToScriptingClass (6ms)
	initialDomainReloadingComplete (35ms)
	LoadAllAssembliesAndSetupDomain (118ms)
		LoadAssemblies (113ms)
		RebuildTransferFunctionScriptingTraits (0ms)
		AnalyzeDomain (117ms)
			TypeCache.Refresh (116ms)
				TypeCache.ScanAssembly (102ms)
			ScanForSourceGeneratedMonoScriptInfo (0ms)
			ResolveRequiredComponents (0ms)
	FinalizeReload (143ms)
		ReleaseScriptCaches (0ms)
		RebuildScriptCaches (0ms)
		SetupLoadedEditorAssemblies (111ms)
			LogAssemblyErrors (0ms)
			InitializePlatformSupportModulesInManaged (4ms)
			SetLoadedEditorAssemblies (4ms)
			RefreshPlugins (0ms)
			BeforeProcessingInitializeOnLoad (1ms)
			ProcessInitializeOnLoadAttributes (77ms)
			ProcessInitializeOnLoadMethodAttributes (24ms)
			AfterProcessingInitializeOnLoad (0ms)
			EditorAssembliesLoaded (0ms)
		ExecutionOrderSort2 (0ms)
		AwakeInstancesAfterBackupRestoration (0ms)
========================================================================
Worker process is ready to serve import requests
Begin MonoManager ReloadAssembly
- Loaded All Assemblies, in  0.448 seconds
Refreshing native plugins compatible for Editor in 1.79 ms, found 3 plugins.
Native extension for WindowsStandalone target not found
Package Manager log level set to [2]
[Package Manager] Server::EnsureServerProcessIsRunning -- launch failed, reason: Unity was launched with the -noUpm command-line argument
[Package Manager] UpmClient::Send -- Unable to send message (not connected to UPM process).
[Package Manager] Cannot connect to Unity Package Manager local server
Mono: successfully reloaded assembly
- Finished resetting the current domain, in  0.318 seconds
Domain Reload Profiling: 765ms
	BeginReloadAssembly (83ms)
		ExecutionOrderSort (0ms)
		DisableScriptedObjects (4ms)
		BackupInstance (0ms)
		ReleaseScriptingObjects (0ms)
		CreateAndSetChildDomain (11ms)
	RebuildCommonClasses (16ms)
	RebuildNativeTypeToScriptingClass (5ms)
	initialDomainReloadingComplete (21ms)
	LoadAllAssembliesAndSetupDomain (321ms)
		LoadAssemblies (233ms)
		RebuildTransferFunctionScriptingTraits (0ms)
		AnalyzeDomain (134ms)
			TypeCache.Refresh (119ms)
				TypeCache.ScanAssembly (109ms)
			ScanForSourceGeneratedMonoScriptInfo (12ms)
			ResolveRequiredComponents (2ms)
	FinalizeReload (318ms)
		ReleaseScriptCaches (0ms)
		RebuildScriptCaches (0ms)
		SetupLoadedEditorAssemblies (241ms)
			LogAssemblyErrors (0ms)
			InitializePlatformSupportModulesInManaged (3ms)
			SetLoadedEditorAssemblies (2ms)
			RefreshPlugins (0ms)
			BeforeProcessingInitializeOnLoad (31ms)
			ProcessInitializeOnLoadAttributes (191ms)
			ProcessInitializeOnLoadMethodAttributes (11ms)
			AfterProcessingInitializeOnLoad (3ms)
			EditorAssembliesLoaded (0ms)
		ExecutionOrderSort2 (0ms)
		AwakeInstancesAfterBackupRestoration (3ms)
Launched and connected shader compiler UnityShaderCompiler.exe after 0.05 seconds
Refreshing native plugins compatible for Editor in 2.10 ms, found 3 plugins.
Preloading 0 native plugins for Editor in 0.00 ms.
Unloading 3095 Unused Serialized files (Serialized files now loaded: 0)
Unloading 33 unused Assets / (57.7 KB). Loaded Objects now: 3555.
Memory consumption went from 120.6 MB to 120.6 MB.
Total: 2.074200 ms (FindLiveObjects: 0.124900 ms CreateObjectMapping: 0.038600 ms MarkObjects: 1.829800 ms  DeleteObjects: 0.079900 ms)

AssetImportParameters requested are different than current active one (requested -> active):
  custom:container-demuxer-ogg: 62fdf1f143b41e24485cea50d1cbac27 -> 
  custom:video-codec-MediaFoundation-h265: 746d11721c4dcdbdad8f713fa42b33f4 -> 
  custom:video-decoder-ogg-theora: a1e56fd34408186e4bbccfd4996cb3dc -> 
  custom:framework-win-MediaFoundation: 216162199b28c13a410421893ffa2e32 -> 
  custom:CustomObjectIndexerAttribute: 9a22284fe3817be447336de3de66b15e -> 
  custom:container-demuxer-webm: 4f35f7cbe854078d1ac9338744f61a02 -> 
  custom:container-muxer-webm: aa71ff27fc2769a1b78a27578f13a17b -> 
  custom:video-decoder-webm-vp8: 9c59270c3fd7afecdb556c50c9e8de78 -> 
  custom:SearchIndexIgnoredProperties: e643bd26f0fe6173181afceb89e7c659 -> 
  custom:AudioImporter_EditorPlatform: d09bf68614088b80899f8185d706f6e7 -> 
  custom:video-encoder-webm-vp8: eb34c28f22e8b96e1ab97ce403110664 -> 
  custom:audio-decoder-ogg-vorbis: bf7c407c2cedff20999df2af8eb42d56 -> 
  custom:audio-encoder-webm-vorbis: bf7c407c2cedff20999df2af8eb42d56 -> 
========================================================================
Received Import Request.
  Time since last request: 1779399.526159 seconds.
  path: Assets/ADG_Textures/ground_vol1/ground2/ground2.mat
  artifactKey: Guid(88d4b65b6d484a1459f780db4b3edd0d) Importer(815301076,1909f56bfc062723c751e8b465ee728b)
Start importing Assets/ADG_Textures/ground_vol1/ground2/ground2.mat using Guid(88d4b65b6d484a1459f780db4b3edd0d) Importer(815301076,1909f56bfc062723c751e8b465ee728b) [PhysX] Initialized MultithreadedTaskDispatcher with 32 workers.
[PhysX] Initialized MultithreadedTaskDispatcher with 32 workers.
 -> (artifact id: 'd61f9ab7037db98e6ab661318198f8eb') in 0.085057 seconds
Number of updated asset objects reloaded before import = 0
Number of asset objects unloaded after import = 5
========================================================================
Received Import Request.
  Time since last request: 81.281845 seconds.
  path: Assets/ADG_Textures/ground_vol1/ground3/ground3.mat
  artifactKey: Guid(594c9e2618b97d542bae8e47e544b7f1) Importer(815301076,1909f56bfc062723c751e8b465ee728b)
Start importing Assets/ADG_Textures/ground_vol1/ground3/ground3.mat using Guid(594c9e2618b97d542bae8e47e544b7f1) Importer(815301076,1909f56bfc062723c751e8b465ee728b) [PhysX] Initialized MultithreadedTaskDispatcher with 32 workers.
[PhysX] Initialized MultithreadedTaskDispatcher with 32 workers.
 -> (artifact id: '1de9e7e292300565c14bfad9af9a6a93') in 0.071835 seconds
Number of updated asset objects reloaded before import = 0
Number of asset objects unloaded after import = 5
========================================================================
Received Import Request.
  Time since last request: 0.000013 seconds.
  path: Assets/ADG_Textures/ground_vol1/ground3/ground3_Diffuse.tga
  artifactKey: Guid(c454ab598058d19449addc55a13cc73a) Importer(815301076,1909f56bfc062723c751e8b465ee728b)
Start importing Assets/ADG_Textures/ground_vol1/ground3/ground3_Diffuse.tga using Guid(c454ab598058d19449addc55a13cc73a) Importer(815301076,1909f56bfc062723c751e8b465ee728b) [PhysX] Initialized MultithreadedTaskDispatcher with 32 workers.
[PhysX] Initialized MultithreadedTaskDispatcher with 32 workers.
 -> (artifact id: '9ec8d31fc80c547c6fafd67bad1d41ea') in 0.015908 seconds
Number of updated asset objects reloaded before import = 0
Number of asset objects unloaded after import = 2
========================================================================
Received Import Request.
  Time since last request: 12.663366 seconds.
  path: Assets/ADG_Textures/ground_vol1/ground5/ground5.mat
  artifactKey: Guid(255436391f9524147a37a599920b6a29) Importer(815301076,1909f56bfc062723c751e8b465ee728b)
Start importing Assets/ADG_Textures/ground_vol1/ground5/ground5.mat using Guid(255436391f9524147a37a599920b6a29) Importer(815301076,1909f56bfc062723c751e8b465ee728b) [PhysX] Initialized MultithreadedTaskDispatcher with 32 workers.
[PhysX] Initialized MultithreadedTaskDispatcher with 32 workers.
 -> (artifact id: 'a89bdfb81c0ceef08a6b7128db95e98e') in 0.024639 seconds
Number of updated asset objects reloaded before import = 0
Number of asset objects unloaded after import = 5
========================================================================
Received Import Request.
  Time since last request: 0.000012 seconds.
  path: Assets/ADG_Textures/ground_vol1/ground5/ground5_Metallic.tga
  artifactKey: Guid(8d63b7caa4e75dd4aa5e84f4b97befa6) Importer(815301076,1909f56bfc062723c751e8b465ee728b)
Start importing Assets/ADG_Textures/ground_vol1/ground5/ground5_Metallic.tga using Guid(8d63b7caa4e75dd4aa5e84f4b97befa6) Importer(815301076,1909f56bfc062723c751e8b465ee728b) [PhysX] Initialized MultithreadedTaskDispatcher with 32 workers.
[PhysX] Initialized MultithreadedTaskDispatcher with 32 workers.
 -> (artifact id: 'e46760f104cd9ac6c19ef00f3756b69a') in 0.024419 seconds
Number of updated asset objects reloaded before import = 0
Number of asset objects unloaded after import = 2
========================================================================
Received Import Request.
  Time since last request: 7.818818 seconds.
  path: Assets/ADG_Textures/ground_vol1/ground6/ground6.mat
  artifactKey: Guid(ae29ac02d08992344b9095971167e1c6) Importer(815301076,1909f56bfc062723c751e8b465ee728b)
Start importing Assets/ADG_Textures/ground_vol1/ground6/ground6.mat using Guid(ae29ac02d08992344b9095971167e1c6) Importer(815301076,1909f56bfc062723c751e8b465ee728b) [PhysX] Initialized MultithreadedTaskDispatcher with 32 workers.
[PhysX] Initialized MultithreadedTaskDispatcher with 32 workers.
 -> (artifact id: '2c6a8a7a3a91a7f0a442cb318e011034') in 0.018997 seconds
Number of updated asset objects reloaded before import = 0
Number of asset objects unloaded after import = 5
========================================================================
Received Import Request.
  Time since last request: 0.000012 seconds.
  path: Assets/ADG_Textures/ground_vol1/ground6/ground6_Metallic.tga
  artifactKey: Guid(587f7b9aecf33ee4b8f2c5ca769cd35a) Importer(815301076,1909f56bfc062723c751e8b465ee728b)
Start importing Assets/ADG_Textures/ground_vol1/ground6/ground6_Metallic.tga using Guid(587f7b9aecf33ee4b8f2c5ca769cd35a) Importer(815301076,1909f56bfc062723c751e8b465ee728b) [PhysX] Initialized MultithreadedTaskDispatcher with 32 workers.
[PhysX] Initialized MultithreadedTaskDispatcher with 32 workers.
 -> (artifact id: '987d6a95c6953c075700b07469fbb297') in 0.010409 seconds
Number of updated asset objects reloaded before import = 0
Number of asset objects unloaded after import = 2
========================================================================
Received Import Request.
  Time since last request: 9.049411 seconds.
  path: Assets/ADG_Textures/ground_vol1/ground7/ground7.mat
  artifactKey: Guid(9b2d9ffb6a28d244e8e9025b4a87f779) Importer(815301076,1909f56bfc062723c751e8b465ee728b)
Start importing Assets/ADG_Textures/ground_vol1/ground7/ground7.mat using Guid(9b2d9ffb6a28d244e8e9025b4a87f779) Importer(815301076,1909f56bfc062723c751e8b465ee728b) [PhysX] Initialized MultithreadedTaskDispatcher with 32 workers.
[PhysX] Initialized MultithreadedTaskDispatcher with 32 workers.
 -> (artifact id: 'e80650761bd16fb3a852a4f090c49bc3') in 0.070968 seconds
Number of updated asset objects reloaded before import = 0
Number of asset objects unloaded after import = 5
========================================================================
Received Import Request.
  Time since last request: 4.143956 seconds.
  path: Assets/ADG_Textures/ground_vol1/ground8/ground8.mat
  artifactKey: Guid(57208e3c02c59dc4bba6832237467e57) Importer(815301076,1909f56bfc062723c751e8b465ee728b)
Start importing Assets/ADG_Textures/ground_vol1/ground8/ground8.mat using Guid(57208e3c02c59dc4bba6832237467e57) Importer(815301076,1909f56bfc062723c751e8b465ee728b) [PhysX] Initialized MultithreadedTaskDispatcher with 32 workers.
[PhysX] Initialized MultithreadedTaskDispatcher with 32 workers.
 -> (artifact id: '168cff8c474fc2110716e7213fdd2f3f') in 0.021594 seconds
Number of updated asset objects reloaded before import = 0
Number of asset objects unloaded after import = 5
========================================================================
Received Import Request.
  Time since last request: 0.000012 seconds.
  path: Assets/ADG_Textures/ground_vol1/ground8/ground8_Metallic.tga
  artifactKey: Guid(a08e6063e7e3b4a45b860146c8c613dc) Importer(815301076,1909f56bfc062723c751e8b465ee728b)
Start importing Assets/ADG_Textures/ground_vol1/ground8/ground8_Metallic.tga using Guid(a08e6063e7e3b4a45b860146c8c613dc) Importer(815301076,1909f56bfc062723c751e8b465ee728b) [PhysX] Initialized MultithreadedTaskDispatcher with 32 workers.
[PhysX] Initialized MultithreadedTaskDispatcher with 32 workers.
 -> (artifact id: 'e160bb9d29121bdc468122f6b75f4e45') in 0.010174 seconds
Number of updated asset objects reloaded before import = 0
Number of asset objects unloaded after import = 2
========================================================================
Received Import Request.
  Time since last request: 3.367541 seconds.
  path: Assets/ADG_Textures/ground_vol1/ground9/ground9.mat
  artifactKey: Guid(808ad643de188e240b57498ca61b98a8) Importer(815301076,1909f56bfc062723c751e8b465ee728b)
Start importing Assets/ADG_Textures/ground_vol1/ground9/ground9.mat using Guid(808ad643de188e240b57498ca61b98a8) Importer(815301076,1909f56bfc062723c751e8b465ee728b) [PhysX] Initialized MultithreadedTaskDispatcher with 32 workers.
[PhysX] Initialized MultithreadedTaskDispatcher with 32 workers.
 -> (artifact id: 'c49893665755f344ad277372e6289c27') in 0.018977 seconds
Number of updated asset objects reloaded before import = 0
Number of asset objects unloaded after import = 5
========================================================================
Received Import Request.
  Time since last request: 0.000013 seconds.
  path: Assets/ADG_Textures/ground_vol1/ground9/ground9_Normal.tga
  artifactKey: Guid(1868fa7be7ed59c45927c480c110c8d8) Importer(815301076,1909f56bfc062723c751e8b465ee728b)
Start importing Assets/ADG_Textures/ground_vol1/ground9/ground9_Normal.tga using Guid(1868fa7be7ed59c45927c480c110c8d8) Importer(815301076,1909f56bfc062723c751e8b465ee728b) [PhysX] Initialized MultithreadedTaskDispatcher with 32 workers.
[PhysX] Initialized MultithreadedTaskDispatcher with 32 workers.
 -> (artifact id: '6cf99867562c3e72050e4f2428952298') in 0.015160 seconds
Number of updated asset objects reloaded before import = 0
Number of asset objects unloaded after import = 2
========================================================================
Received Import Request.
  Time since last request: 3.592917 seconds.
  path: Assets/ADG_Textures/ground_vol1/ground10/ground10.mat
  artifactKey: Guid(43d91cc396861f443b5574aef062e3d3) Importer(815301076,1909f56bfc062723c751e8b465ee728b)
Start importing Assets/ADG_Textures/ground_vol1/ground10/ground10.mat using Guid(43d91cc396861f443b5574aef062e3d3) Importer(815301076,1909f56bfc062723c751e8b465ee728b) [PhysX] Initialized MultithreadedTaskDispatcher with 32 workers.
[PhysX] Initialized MultithreadedTaskDispatcher with 32 workers.
 -> (artifact id: 'abd9978d046d07b9a7dbfa012efede78') in 0.056154 seconds
Number of updated asset objects reloaded before import = 0
Number of asset objects unloaded after import = 5
========================================================================
Received Import Request.
  Time since last request: 0.000014 seconds.
  path: Assets/ADG_Textures/ground_vol1/ground10/ground10_Normal.tga
  artifactKey: Guid(84794b884a1ed204f9ce92a773a3fb0e) Importer(815301076,1909f56bfc062723c751e8b465ee728b)
Start importing Assets/ADG_Textures/ground_vol1/ground10/ground10_Normal.tga using Guid(84794b884a1ed204f9ce92a773a3fb0e) Importer(815301076,1909f56bfc062723c751e8b465ee728b) [PhysX] Initialized MultithreadedTaskDispatcher with 32 workers.
[PhysX] Initialized MultithreadedTaskDispatcher with 32 workers.
 -> (artifact id: 'e94a0284e1d06062f193ef35990c6355') in 0.012414 seconds
Number of updated asset objects reloaded before import = 0
Number of asset objects unloaded after import = 2
========================================================================
Received Import Request.
  Time since last request: 2.832856 seconds.
  path: Assets/ADG_Textures/ground_vol1/ground11/ground11.mat
  artifactKey: Guid(0b9b69ec22bd9824dbcacaf79a566cdc) Importer(815301076,1909f56bfc062723c751e8b465ee728b)
Start importing Assets/ADG_Textures/ground_vol1/ground11/ground11.mat using Guid(0b9b69ec22bd9824dbcacaf79a566cdc) Importer(815301076,1909f56bfc062723c751e8b465ee728b) [PhysX] Initialized MultithreadedTaskDispatcher with 32 workers.
[PhysX] Initialized MultithreadedTaskDispatcher with 32 workers.
 -> (artifact id: 'bba11da9e6cd29e302f5503f8e031e8f') in 0.016878 seconds
Number of updated asset objects reloaded before import = 0
Number of asset objects unloaded after import = 5
========================================================================
Received Import Request.
  Time since last request: 0.000012 seconds.
  path: Assets/ADG_Textures/ground_vol1/ground11/ground11_Normal.tga
  artifactKey: Guid(18065c20143a44f479d7c439a3455795) Importer(815301076,1909f56bfc062723c751e8b465ee728b)
Start importing Assets/ADG_Textures/ground_vol1/ground11/ground11_Normal.tga using Guid(18065c20143a44f479d7c439a3455795) Importer(815301076,1909f56bfc062723c751e8b465ee728b) [PhysX] Initialized MultithreadedTaskDispatcher with 32 workers.
[PhysX] Initialized MultithreadedTaskDispatcher with 32 workers.
 -> (artifact id: '06db34e4bdcbec29315fd18777523bc7') in 0.009914 seconds
Number of updated asset objects reloaded before import = 0
Number of asset objects unloaded after import = 2
========================================================================
Received Import Request.
  Time since last request: 3.075799 seconds.
  path: Assets/ADG_Textures/ground_vol1/ground12/ground12.mat
  artifactKey: Guid(43f38029a9368894a9fb4dd19ce0bfcd) Importer(815301076,1909f56bfc062723c751e8b465ee728b)
Start importing Assets/ADG_Textures/ground_vol1/ground12/ground12.mat using Guid(43f38029a9368894a9fb4dd19ce0bfcd) Importer(815301076,1909f56bfc062723c751e8b465ee728b) [PhysX] Initialized MultithreadedTaskDispatcher with 32 workers.
[PhysX] Initialized MultithreadedTaskDispatcher with 32 workers.
 -> (artifact id: '3c1a95b0e7f5bcd24a8b1f08565aa236') in 0.020136 seconds
Number of updated asset objects reloaded before import = 0
Number of asset objects unloaded after import = 5
========================================================================
Received Import Request.
  Time since last request: 0.000010 seconds.
  path: Assets/ADG_Textures/ground_vol1/ground12/ground12_Normal.tga
  artifactKey: Guid(817358eba3aa2e34e9a0f73eb7850fe9) Importer(815301076,1909f56bfc062723c751e8b465ee728b)
Start importing Assets/ADG_Textures/ground_vol1/ground12/ground12_Normal.tga using Guid(817358eba3aa2e34e9a0f73eb7850fe9) Importer(815301076,1909f56bfc062723c751e8b465ee728b) [PhysX] Initialized MultithreadedTaskDispatcher with 32 workers.
[PhysX] Initialized MultithreadedTaskDispatcher with 32 workers.
 -> (artifact id: 'ac6b1ec949886816f6d54a998d62391d') in 0.015107 seconds
Number of updated asset objects reloaded before import = 0
Number of asset objects unloaded after import = 2
========================================================================
Received Import Request.
  Time since last request: 7.339313 seconds.
  path: Assets/ADG_Textures/ground_vol1/ground13/ground13.mat
  artifactKey: Guid(2785d3e261e963c4793fc5970256592e) Importer(815301076,1909f56bfc062723c751e8b465ee728b)
Start importing Assets/ADG_Textures/ground_vol1/ground13/ground13.mat using Guid(2785d3e261e963c4793fc5970256592e) Importer(815301076,1909f56bfc062723c751e8b465ee728b) [PhysX] Initialized MultithreadedTaskDispatcher with 32 workers.
[PhysX] Initialized MultithreadedTaskDispatcher with 32 workers.
 -> (artifact id: 'dadd9e603c6126c561faaba2ca563923') in 0.018556 seconds
Number of updated asset objects reloaded before import = 0
Number of asset objects unloaded after import = 5
========================================================================
Received Import Request.
  Time since last request: 0.000010 seconds.
  path: Assets/ADG_Textures/ground_vol1/ground13/ground13_Height.tga
  artifactKey: Guid(b7ef56f6ca2ab724e9fcf1949a7a1638) Importer(815301076,1909f56bfc062723c751e8b465ee728b)
Start importing Assets/ADG_Textures/ground_vol1/ground13/ground13_Height.tga using Guid(b7ef56f6ca2ab724e9fcf1949a7a1638) Importer(815301076,1909f56bfc062723c751e8b465ee728b) [PhysX] Initialized MultithreadedTaskDispatcher with 32 workers.
[PhysX] Initialized MultithreadedTaskDispatcher with 32 workers.
 -> (artifact id: '91bd424465cbcbf929fb5942368d3702') in 0.014794 seconds
Number of updated asset objects reloaded before import = 0
Number of asset objects unloaded after import = 2
========================================================================
Received Import Request.
  Time since last request: 11.260753 seconds.
  path: Assets/ADG_Textures/ground_vol1/ground14/ground14.mat
  artifactKey: Guid(3b7bee62bfdf81742a7e944ddd698742) Importer(815301076,1909f56bfc062723c751e8b465ee728b)
Start importing Assets/ADG_Textures/ground_vol1/ground14/ground14.mat using Guid(3b7bee62bfdf81742a7e944ddd698742) Importer(815301076,1909f56bfc062723c751e8b465ee728b) [PhysX] Initialized MultithreadedTaskDispatcher with 32 workers.
[PhysX] Initialized MultithreadedTaskDispatcher with 32 workers.
 -> (artifact id: '53991abd546e895ff5edab0668007bad') in 0.015800 seconds
Number of updated asset objects reloaded before import = 0
Number of asset objects unloaded after import = 5
========================================================================
Received Import Request.
  Time since last request: 0.000013 seconds.
  path: Assets/ADG_Textures/ground_vol1/ground14/ground14_Normal.tga
  artifactKey: Guid(bb9441ad1e914614c84125c92ac95253) Importer(815301076,1909f56bfc062723c751e8b465ee728b)
Start importing Assets/ADG_Textures/ground_vol1/ground14/ground14_Normal.tga using Guid(bb9441ad1e914614c84125c92ac95253) Importer(815301076,1909f56bfc062723c751e8b465ee728b) [PhysX] Initialized MultithreadedTaskDispatcher with 32 workers.
[PhysX] Initialized MultithreadedTaskDispatcher with 32 workers.
 -> (artifact id: '8aebeb0734bae4ec47229f8fad156283') in 0.010714 seconds
Number of updated asset objects reloaded before import = 0
Number of asset objects unloaded after import = 2
========================================================================
Received Import Request.
  Time since last request: 4.858484 seconds.
  path: Assets/ADG_Textures/ground_vol1/ground4/ground4.mat
  artifactKey: Guid(58621eb9da53bb648ab64c4982c9d407) Importer(815301076,1909f56bfc062723c751e8b465ee728b)
Start importing Assets/ADG_Textures/ground_vol1/ground4/ground4.mat using Guid(58621eb9da53bb648ab64c4982c9d407) Importer(815301076,1909f56bfc062723c751e8b465ee728b) [PhysX] Initialized MultithreadedTaskDispatcher with 32 workers.
[PhysX] Initialized MultithreadedTaskDispatcher with 32 workers.
 -> (artifact id: 'dd94ac8e099d75d5c0f640bcd8d06dc2') in 0.049230 seconds
Number of updated asset objects reloaded before import = 0
Number of asset objects unloaded after import = 5
========================================================================
Received Import Request.
  Time since last request: 0.000013 seconds.
  path: Assets/ADG_Textures/ground_vol1/ground4/ground4_Height.tga
  artifactKey: Guid(3397c7f4a7562e546bcfc9faa71e1659) Importer(815301076,1909f56bfc062723c751e8b465ee728b)
Start importing Assets/ADG_Textures/ground_vol1/ground4/ground4_Height.tga using Guid(3397c7f4a7562e546bcfc9faa71e1659) Importer(815301076,1909f56bfc062723c751e8b465ee728b) [PhysX] Initialized MultithreadedTaskDispatcher with 32 workers.
[PhysX] Initialized MultithreadedTaskDispatcher with 32 workers.
 -> (artifact id: 'f0a3cdf47088b60ecb38f16202fd5c62') in 0.011258 seconds
Number of updated asset objects reloaded before import = 0
Number of asset objects unloaded after import = 2
========================================================================
Received Import Request.
  Time since last request: 55.555357 seconds.
  path: Assets/ADG_Textures/ground_vol1/ground9/ground9.mat
  artifactKey: Guid(808ad643de188e240b57498ca61b98a8) Importer(815301076,1909f56bfc062723c751e8b465ee728b)
Start importing Assets/ADG_Textures/ground_vol1/ground9/ground9.mat using Guid(808ad643de188e240b57498ca61b98a8) Importer(815301076,1909f56bfc062723c751e8b465ee728b) [PhysX] Initialized MultithreadedTaskDispatcher with 32 workers.
[PhysX] Initialized MultithreadedTaskDispatcher with 32 workers.
 -> (artifact id: 'b0c42a0193868d0b62cc4e4f81abc9cf') in 0.013621 seconds
Number of updated asset objects reloaded before import = 0
Number of asset objects unloaded after import = 5
